\BOOKMARK [0][-]{chapter.1}{Einführung}{}% 1
\BOOKMARK [1][-]{section.1.1}{Geschichtsüberblick}{chapter.1}% 2
\BOOKMARK [1][-]{section.1.2}{Geographie}{chapter.1}% 3
\BOOKMARK [0][-]{chapter.2}{Die\040Mittelreiche}{}% 4
\BOOKMARK [1][-]{section.2.1}{Gesellschaft}{chapter.2}% 5
\BOOKMARK [2][-]{subsection.2.1.1}{Oberschicht}{section.2.1}% 6
\BOOKMARK [2][-]{subsection.2.1.2}{Mittelschicht}{section.2.1}% 7
\BOOKMARK [2][-]{subsection.2.1.3}{Unterschicht}{section.2.1}% 8
\BOOKMARK [1][-]{section.2.2}{Tiefwald}{chapter.2}% 9
\BOOKMARK [2][-]{subsection.2.2.1}{Serebryany\040Bor\040\(Protektorat\)}{section.2.2}% 10
\BOOKMARK [2][-]{subsection.2.2.2}{Tiefwald-Stadt}{section.2.2}% 11
\BOOKMARK [2][-]{subsection.2.2.3}{Karlsbruck}{section.2.2}% 12
\BOOKMARK [0][-]{chapter.3}{Kosmologie\040&\040Religion}{}% 13
\BOOKMARK [1][-]{section.3.1}{Religionen}{chapter.3}% 14
\BOOKMARK [2][-]{subsection.3.1.1}{Der\040Heilige\040Geist}{section.3.1}% 15
\BOOKMARK [2][-]{subsection.3.1.2}{Ketzerei\040und\040Kulte}{section.3.1}% 16
\BOOKMARK [2][-]{subsection.3.1.3}{Kabb'l}{section.3.1}% 17
\BOOKMARK [2][-]{subsection.3.1.4}{Ougdou}{section.3.1}% 18
\BOOKMARK [0][-]{chapter.4}{Magie}{}% 19
\BOOKMARK [1][-]{section.4.1}{Der\040Einfluss\040der\040Sterne}{chapter.4}% 20
\BOOKMARK [1][-]{section.4.2}{Die Fäule}{chapter.4}% 21
\BOOKMARK [2][-]{subsection.4.2.1}{Moderseuche}{section.4.2}% 22
\BOOKMARK [2][-]{subsection.4.2.2}{Vampirismus}{section.4.2}% 23
\BOOKMARK [2][-]{subsection.4.2.3}{Lykanthropie}{section.4.2}% 24
\BOOKMARK [1][-]{section.4.3}{Quellen\040der\040Macht}{chapter.4}% 25
\BOOKMARK [1][-]{section.4.4}{Alchemie}{chapter.4}% 26
\BOOKMARK [1][-]{section.4.5}{Machinarium}{chapter.4}% 27
\BOOKMARK [2][-]{subsection.4.5.1}{Golem}{section.4.5}% 28
\BOOKMARK [0][-]{chapter.5}{Bestiarium}{}% 29
\BOOKMARK [1][-]{section.5.1}{Bestien}{chapter.5}% 30
\BOOKMARK [2][-]{subsection.5.1.1}{Reissmäuler}{section.5.1}% 31
\BOOKMARK [2][-]{subsection.5.1.2}{Riesentiere}{section.5.1}% 32
\BOOKMARK [2][-]{subsection.5.1.3}{Chimären}{section.5.1}% 33
\BOOKMARK [1][-]{section.5.2}{Dæmonen}{chapter.5}% 34
\BOOKMARK [1][-]{section.5.3}{Feenwesen}{chapter.5}% 35
\BOOKMARK [2][-]{subsection.5.3.1}{Dryaden\040&\040Nymphen}{section.5.3}% 36
\BOOKMARK [2][-]{subsection.5.3.2}{Kobolde\040&\040Elben}{section.5.3}% 37
\BOOKMARK [1][-]{section.5.4}{Kulturschaffende\040Rassen}{chapter.5}% 38
\BOOKMARK [2][-]{subsection.5.4.1}{Tiermenschen}{section.5.4}% 39
\BOOKMARK [2][-]{subsection.5.4.2}{Gnome}{section.5.4}% 40
\BOOKMARK [2][-]{subsection.5.4.3}{Oger}{section.5.4}% 41
\BOOKMARK [2][-]{subsection.5.4.4}{Schrate}{section.5.4}% 42
\BOOKMARK [1][-]{section.5.5}{Scheusale\040aus\040der\040Leere}{chapter.5}% 43
\BOOKMARK [1][-]{section.5.6}{Trolle}{chapter.5}% 44
\BOOKMARK [1][-]{section.5.7}{Wichte}{chapter.5}% 45
\BOOKMARK [2][-]{subsection.5.7.1}{Fürchtewicht}{section.5.7}% 46
\BOOKMARK [2][-]{subsection.5.7.2}{Nachtschwärmer}{section.5.7}% 47
\BOOKMARK [2][-]{subsection.5.7.3}{Pustelwicht}{section.5.7}% 48
\BOOKMARK [2][-]{subsection.5.7.4}{Tintenwicht}{section.5.7}% 49
\BOOKMARK [0][-]{chapter.6}{Anhang}{}% 50
\BOOKMARK [1][-]{section.6.1}{Regeln für FATE}{chapter.6}% 51
\BOOKMARK [2][-]{subsection.6.1.1}{Korrupte\040Aspekte}{section.6.1}% 52
